2025-01-05 1
2025-01-05 2
2025-01-05 3
2025-01-05 4
2025-01-05 5
2025-01-07 1
2025-01-07 2
2025-01-07 3
2025-01-09 1
2025-01-10 1
2025-01-10 2
2025-01-10 3
2025-01-12 1
2025-01-13 1
2025-01-13 2
2025-01-13 3
2025-01-13 4
2025-01-16 1
2025-01-16 2
2025-01-17 1
2025-01-17 2
2025-01-17 3
2025-01-18 1
2025-01-18 2
2025-01-18 3
2025-01-18 4
2025-01-19 1
2025-01-19 2
2025-01-19 3
2025-01-19 4
2025-01-19 5
2025-01-22 1
2025-01-22 2
2025-01-23 1
2025-01-23 2
2025-01-23 3
2025-01-24 1
2025-01-25 1
2025-01-25 2
2025-01-26 1
2025-01-27 1
2025-01-27 2
2025-01-27 3
2025-01-29 1
2025-01-29 2
2025-01-30 1
2025-01-31 1
2025-01-31 2
2025-02-02 1
2025-02-02 2
2025-02-02 3
2025-02-03 1
